  ConsoleApplication_Klass_Neyron.cpp
B:\VPProjects\Class Neyron.h(1,1): warning C4067: непредвиденные лексемы за директивой препроцессора, требуется newline
  ConsoleApplication_Klass_Neyron.vcxproj -> B:\Users\Виктор\source\repos\ConsoleApplication_Klass_Neyron\Debug\ConsoleApplication_Klass_Neyron.exe

Итоги по проекту:
     5275 мс вызовов   1 B:\Users\Виктор\source\repos\ConsoleApplication_Klass_Neyron\ConsoleApplication_Klass_Neyron.vcxproj
               5275 мс вызовов   1 Build                                   

Итоги по целям:
        0 мс вызовов   1 MakeDirsForResourceCompile              
        0 мс вызовов   1 PrepareResourceNames                    
        0 мс вызовов   1 CreateCustomManifestResourceNames       
        0 мс вызовов   1 ComputeManifestInputsTargets            
        0 мс вызовов   1 ComputeLinkInputsFromProject            
        0 мс вызовов   1 ComputeCLGeneratedLinkInputs            
        0 мс вызовов   1 ComputeManifestGeneratedLinkerInputs    
        0 мс вызовов   1 ComputeRCGeneratedLinkInputs            
        0 мс вызовов   1 ComputeRCOutputs                        
        0 мс вызовов   1 PreLinkEvent                            
        0 мс вызовов   1 BeforeLink                              
        0 мс вызовов   1 BuildCompile                            
        0 мс вызовов   1 _BuildCompileAction                     
        0 мс вызовов   1 AfterBuildCompileEvent                  
        0 мс вызовов   1 _ResourceCompile                        
        0 мс вызовов   1 AfterResourceCompile                    
        0 мс вызовов   1 BeforeResourceCompile                   
        0 мс вызовов   1 _ClCompile                              
        0 мс вызовов   1 AfterClCompile                          
        0 мс вызовов   1 ComputeLegacyManifestEmbedding          
        0 мс вызовов   1 ComputeLinkImportLibraryOutputsForClean 
        0 мс вызовов   1 AfterLink                               
        0 мс вызовов   1 _Link                                   
        0 мс вызовов   1 AfterBuild                              
        0 мс вызовов   1 BuildLink                               
        0 мс вызовов   1 _BuildLinkAction                        
        0 мс вызовов   1 PostBuildEvent                          
        0 мс вызовов   1 PrepareForRun                           
        0 мс вызовов   1 _CheckForCompileOutputs                 
        0 мс вызовов   1 _CopySourceItemsToOutputDirectory       
        0 мс вызовов   1 GetCopyToOutputDirectoryXamlAppDefs     
        0 мс вызовов   1 _Deploy                                 
        0 мс вызовов   1 _Appverifier                            
        0 мс вызовов   1 CreateSatelliteAssemblies               
        0 мс вызовов   1 _GenerateSatelliteAssemblyInputs        
        0 мс вызовов   1 _BscMake                                
        0 мс вызовов   1 MakeDirsForBscMake                      
        0 мс вызовов   1 ComputeCLCompileGeneratedSbrFiles       
        0 мс вызовов   1 _XdcMake                                
        0 мс вызовов   1 ResolvedXDCMake                         
        0 мс вызовов   1 _Manifest                               
        0 мс вызовов   1 _ALink                                  
        0 мс вызовов   1 FixupCLCompileOptions                   
        0 мс вызовов   1 ComputeReferenceCLInput                 
        0 мс вызовов   1 Build                                   
        0 мс вызовов   1 BeforeResolveReferences                 
        0 мс вызовов   1 GetReferenceAssemblyPaths               
        0 мс вызовов   1 SelectCustomBuild                       
        0 мс вызовов   1 _SelectedFiles                          
        0 мс вызовов   1 PreBuildEvent                           
        0 мс вызовов   1 SetBuildDefaultEnvironmentVariables     
        0 мс вызовов   1 BeforeBuildGenerateSources              
        0 мс вызовов   1 ExpandSDKReferences                     
        0 мс вызовов   1 GetResolvedWinMD                        
        0 мс вызовов   1 SetCABuildNativeEnvironmentVariables    
        0 мс вызовов   1 ComputeCLInputPDBName                   
        0 мс вызовов   1 _PrepareForBuild                        
        0 мс вызовов   1 ResolveReferences                       
        0 мс вызовов   1 AfterResolveReferences                  
        0 мс вызовов   1 ResolveAssemblyReferences               
        0 мс вызовов   1 _CheckWindowsSDKInstalled               
        0 мс вызовов   1 GetFrameworkPaths                       
        0 мс вызовов   1 ComputeCustomBuildOutput                
        0 мс вызовов   1 _Xsd                                    
        0 мс вызовов   1 BeforeClCompile                         
        0 мс вызовов   1 _SplitProjectReferencesByFileExistence  
        0 мс вызовов   1 _GetProjectReferenceTargetFrameworkProperties
        0 мс вызовов   1 BuildGenerateSources                    
        0 мс вызовов   1 _BuildGenerateSourcesAction             
        0 мс вызовов   1 CopyFileToFolders                       
        0 мс вызовов   1 PrepareProjectReferences                
        0 мс вызовов   1 ResolveSDKReferences                    
        0 мс вызовов   1 AfterBuildGenerateSources               
        0 мс вызовов   1 _Midl                                   
        0 мс вызовов   1 AfterMidl                               
        0 мс вызовов   1 ComputeMIDLGeneratedCompileInputs       
        0 мс вызовов   1 MakeDirsForMidl                         
        0 мс вызовов   1 AfterBuildGenerateSourcesEvent          
        1 мс вызовов   1 SelectClCompile                         
        1 мс вызовов   1 BuildCompileTraverse                    
        1 мс вызовов   1 BuildLinkTraverse                       
        1 мс вызовов   1 SplitResourcesByCulture                 
        1 мс вызовов   1 MakeDirsForXdcMake                      
        1 мс вызовов   1 _PrepareForReferenceResolution          
        1 мс вызовов   1 MakeDirsForLink                         
        1 мс вызовов   1 DoLinkOutputFilesMatch                  
        1 мс вызовов   1 ComputeCLOutputs                        
        1 мс вызовов   1 GetCopyToOutputDirectoryItems           
        1 мс вызовов   1 RegisterOutput                          
        1 мс вызовов   1 BuildGenerateSourcesTraverse            
        1 мс вызовов   1 AssignTargetPaths                       
        1 мс вызовов   1 AssignProjectConfiguration              
        2 мс вызовов   1 FinalizeBuildStatus                     
        2 мс вызовов   1 ComputeLinkSwitches                     
        2 мс вызовов   1 ComputeCLCompileGeneratedXDCFiles       
        4 мс вызовов   1 MakeDirsForCl                           
        5 мс вызовов   1 CustomBuild                             
       14 мс вызовов   1 ResolveProjectReferences                
       15 мс вызовов   1 _HandlePackageFileConflicts             
       23 мс вызовов   1 CopyFilesToOutputDirectory              
       26 мс вызовов   1 PrepareForBuild                         
       30 мс вызовов   1 SetTelemetryEnvironmentVariables        
       59 мс вызовов   1 InitializeBuildStatus                   
       60 мс вызовов   1 _CheckForInvalidConfigurationAndPlatform
       74 мс вызовов   1 WarnCompileDuplicatedFilename           
     1026 мс вызовов   1 Link                                    
     1926 мс вызовов   1 BscMake                                 
     1984 мс вызовов   1 ClCompile                               

Итоги по задачам:
        0 мс вызовов   6 AssignTargetPath                        
        0 мс вызовов   1 MSBuild                                 
        1 мс вызовов   1 ReadLinesFromFile                       
        1 мс вызовов   1 Delete                                  
        1 мс вызовов   1 WriteLinesToFile                        
        1 мс вызовов   1 AssignCulture                           
        1 мс вызовов   1 CheckVCToolsetVersion                   
        1 мс вызовов   1 AssignProjectConfiguration              
        2 мс вызовов   9 MakeDir                                 
        4 мс вызовов   3 Message                                 
        5 мс вызовов   3 GetOutOfDateItems                       
       14 мс вызовов   8 SetEnv                                  
       14 мс вызовов   1 ResolvePackageFileConflicts             
       22 мс вызовов   1 Copy                                    
       58 мс вызовов   2 Touch                                   
     1025 мс вызовов   1 Link                                    
     1926 мс вызовов   1 BSCMake                                 
     1984 мс вызовов   1 CL                                      
